<?xml version="1.0" encoding="UTF-8"?>
<!-- Generated by org.testng.reporters.JUnitXMLReporter -->
<testsuite ignored="4" hostname="EPRUPETW072A" failures="0" tests="2" name="Native tests" time="0.056" errors="0" timestamp="2023-02-09T19:31:43 CET">
  <testcase classname="setup.BaseTest" name="@BeforeSuite setUp" time="7.926">
    <failure type="java.lang.RuntimeException" message="java.lang.NoSuchMethodException: jdk.proxy2.$Proxy8.proxyClassLookup()">
      <![CDATA[java.lang.RuntimeException: java.lang.NoSuchMethodException: jdk.proxy2.$Proxy8.proxyClassLookup()
at io.appium.java_client.pagefactory.bys.builder.AppiumByBuilder.prepareAnnotationMethods(AppiumByBuilder.java:84)
at io.appium.java_client.pagefactory.bys.builder.AppiumByBuilder.getFilledValue(AppiumByBuilder.java:91)
at io.appium.java_client.pagefactory.bys.builder.AppiumByBuilder.createBy(AppiumByBuilder.java:147)
at io.appium.java_client.pagefactory.DefaultElementByBuilder.getBys(DefaultElementByBuilder.java:133)
at io.appium.java_client.pagefactory.DefaultElementByBuilder.buildMobileNativeBy(DefaultElementByBuilder.java:170)
at io.appium.java_client.pagefactory.DefaultElementByBuilder.buildBy(DefaultElementByBuilder.java:204)
at io.appium.java_client.pagefactory.AppiumElementLocatorFactory.createLocator(AppiumElementLocatorFactory.java:66)
at io.appium.java_client.pagefactory.AppiumElementLocatorFactory.createLocator(AppiumElementLocatorFactory.java:53)
at io.appium.java_client.pagefactory.AppiumElementLocatorFactory.createLocator(AppiumElementLocatorFactory.java:1)
at org.openqa.selenium.support.pagefactory.DefaultFieldDecorator.decorate(DefaultFieldDecorator.java:56)
at io.appium.java_client.pagefactory.AppiumFieldDecorator.decorate(AppiumFieldDecorator.java:160)
at org.openqa.selenium.support.PageFactory.proxyFields(PageFactory.java:113)
at org.openqa.selenium.support.PageFactory.initElements(PageFactory.java:105)
at pageObjects.NativePageObject.<init>(NativePageObject.java:11)
at pageObjects.PageObject.<init>(PageObject.java:21)
at setup.BaseTest.setPageObject(BaseTest.java:62)
at setup.BaseTest.setUp(BaseTest.java:30)
Caused by: java.lang.NoSuchMethodException: jdk.proxy2.$Proxy8.proxyClassLookup()
at java.base/java.lang.Class.getMethod(Class.java:2277)
at io.appium.java_client.pagefactory.bys.builder.AppiumByBuilder.prepareAnnotationMethods(AppiumByBuilder.java:82)
... 37 more
... Removed 21 stack frames]]>
    </failure>
  </testcase> <!-- @BeforeSuite setUp -->
  <testcase classname="scenarios.NativeMobileTests" name="registrationNativeTest" time="0.0">
    <skipped/>
  </testcase> <!-- registrationNativeTest -->
  <testcase classname="scenarios.NativeMobileTests" name="loginNativeTest" time="0.0">
    <skipped/>
  </testcase> <!-- loginNativeTest -->
  <testcase classname="scenarios.webMobileTests" name="simpleWebTest" time="0.0">
    <ignored/>
  </testcase> <!-- simpleWebTest -->
  <testcase classname="setup.BaseTest" name="@AfterSuite tearDown" time="0.0">
    <ignored/>
  </testcase> <!-- @AfterSuite tearDown -->
  <testcase classname="scenarios.NativeMobileTests" name="simpleNativeTest" time="0.0">
    <ignored/>
  </testcase> <!-- simpleNativeTest -->
  <testcase classname="setup.BaseTest" name="@BeforeSuite setUp" time="0.0">
    <ignored/>
  </testcase> <!-- @BeforeSuite setUp -->
</testsuite> <!-- Native tests -->
